<?xml version="1.0" encoding="UTF-8"?>
<!-- Generated by org.testng.reporters.JUnitXMLReporter -->
<testsuite hostname="DESKTOP-QVFL7QP" ignored="0" name="My E2E Tests" tests="3" failures="3" timestamp="2022-08-10T14:25:14 EDT" time="8.862" errors="0">
  <testcase name="runScenario" time="1.146" classname="io.cucumber.testng.AbstractTestNGCucumberTests">
    <failure type="java.lang.NullPointerException">
      <![CDATA[java.lang.NullPointerException
at com.revature.pages.AddRequestPage.selectWarrantyType(AddRequestPage.java:53)
at com.revature.steps.AddRequestSteps.iChooseATypeOfType(AddRequestSteps.java:47)
at ✽.I choose a type of "hospital bed"(file:///C:/Users/Redux/Project2/Project2_testing/project-2-testing/src/test/resources/add_request.feature:13)
]]>
    </failure>
  </testcase> <!-- runScenario -->
  <testcase name="runScenario" time="1.071" classname="io.cucumber.testng.AbstractTestNGCucumberTests">
    <failure type="java.lang.NullPointerException">
      <![CDATA[java.lang.NullPointerException
at com.revature.pages.AddRequestPage.selectWarrantyType(AddRequestPage.java:53)
at com.revature.steps.AddRequestSteps.iChooseATypeOfType(AddRequestSteps.java:47)
at ✽.I choose a type of "MRI"(file:///C:/Users/Redux/Project2/Project2_testing/project-2-testing/src/test/resources/add_request.feature:13)
]]>
    </failure>
  </testcase> <!-- runScenario -->
  <testcase name="runScenario" time="0.876" classname="io.cucumber.testng.AbstractTestNGCucumberTests">
    <failure type="java.lang.NullPointerException">
      <![CDATA[java.lang.NullPointerException
at com.revature.pages.AddRequestPage.selectWarrantyType(AddRequestPage.java:53)
at com.revature.steps.AddRequestSteps.iChooseATypeOfType(AddRequestSteps.java:47)
at ✽.I choose a type of "syringes"(file:///C:/Users/Redux/Project2/Project2_testing/project-2-testing/src/test/resources/add_request.feature:13)
]]>
    </failure>
  </testcase> <!-- runScenario -->
</testsuite> <!-- My E2E Tests -->
